<<<<<<< HEAD
[2020-08-24T10:50:40.441] [ERROR] error - Error: connect ECONNREFUSED 127.0.0.1:2006
    at TCPConnectWrap.afterConnect [as oncomplete] (net.js:1141:16) {
  errno: 'ECONNREFUSED',
  code: 'ECONNREFUSED',
  syscall: 'connect',
  address: '127.0.0.1',
  port: 2006,
  config: {
    url: '/associates/batch/mock15.associate4b5555f4-09e9-4fcd-80a3-2cf532781543@mock.com',
=======
[2020-08-23T21:20:12.318] [ERROR] error - Error: Request failed with status code 404
    at createError (C:\Users\chris\Documents\Revature\node_modules\axios\lib\core\createError.js:16:15)
    at settle (C:\Users\chris\Documents\Revature\node_modules\axios\lib\core\settle.js:17:12)
    at IncomingMessage.handleStreamEnd (C:\Users\chris\Documents\Revature\node_modules\axios\lib\adapters\http.js:236:11)
    at IncomingMessage.emit (events.js:327:22)
    at IncomingMessage.EventEmitter.emit (domain.js:482:12)
    at endReadableNT (_stream_readable.js:1221:12)
    at processTicksAndRejections (internal/process/task_queues.js:84:21) {
  config: {
    url: '/associates/batch/mock3.associate7de1467b-c37f-4f79-8805-af24dac9b735@mock.com',
>>>>>>> 0cb8746f65ebec127ec2cacededa8a39e00c30eb
    method: 'get',
    headers: {
      Accept: 'application/json, text/plain, */*',
      'Content-Type': 'application/json',
<<<<<<< HEAD
      'User-Agent': 'axios/0.20.0'
=======
      'User-Agent': 'axios/0.19.2'
>>>>>>> 0cb8746f65ebec127ec2cacededa8a39e00c30eb
    },
    baseURL: 'http://localhost:2006',
    transformRequest: [ [Function: transformRequest] ],
    transformResponse: [ [Function: transformResponse] ],
    timeout: 0,
    adapter: [Function: httpAdapter],
    xsrfCookieName: 'XSRF-TOKEN',
    xsrfHeaderName: 'X-XSRF-TOKEN',
    maxContentLength: -1,
<<<<<<< HEAD
    maxBodyLength: -1,
    validateStatus: [Function: validateStatus],
    data: undefined
  },
  request: Writable {
    _writableState: WritableState {
      objectMode: false,
      highWaterMark: 16384,
      finalCalled: false,
      needDrain: false,
      ending: false,
      ended: false,
      finished: false,
      destroyed: false,
      decodeStrings: true,
      defaultEncoding: 'utf8',
      length: 0,
      writing: false,
      corked: 0,
      sync: true,
      bufferProcessing: false,
      onwrite: [Function: bound onwrite],
      writecb: null,
      writelen: 0,
      afterWriteTickInfo: null,
      bufferedRequest: null,
      lastBufferedRequest: null,
      pendingcb: 0,
      prefinished: false,
      errorEmitted: false,
      emitClose: true,
      autoDestroy: false,
      bufferedRequestCount: 0,
      corkedRequestsFree: [Object]
    },
    writable: true,
    _events: [Object: null prototype] {
      response: [Function: handleResponse],
      error: [Function: handleRequestError]
    },
    _eventsCount: 2,
    _maxListeners: undefined,
    _options: {
      maxRedirects: 21,
      maxBodyLength: 10485760,
      protocol: 'http:',
      path: '/associates/batch/mock15.associate4b5555f4-09e9-4fcd-80a3-2cf532781543@mock.com',
      method: 'GET',
      headers: [Object],
      agent: undefined,
      agents: [Object],
      auth: undefined,
      hostname: 'localhost',
      port: '2006',
      nativeProtocols: [Object],
      pathname: '/associates/batch/mock15.associate4b5555f4-09e9-4fcd-80a3-2cf532781543@mock.com'
    },
    _ended: true,
    _ending: true,
    _redirectCount: 0,
    _redirects: [],
    _requestBodyLength: 0,
    _requestBodyBuffers: [],
    _onNativeResponse: [Function],
    _currentRequest: ClientRequest {
      _events: [Object: null prototype],
      _eventsCount: 7,
=======
    validateStatus: [Function: validateStatus],
    data: undefined
  },
  request: ClientRequest {
    _events: [Object: null prototype] {
      socket: [Function],
      abort: [Function],
      aborted: [Function],
      error: [Function],
      timeout: [Function],
      prefinish: [Function: requestOnPrefinish]
    },
    _eventsCount: 6,
    _maxListeners: undefined,
    outputData: [],
    outputSize: 0,
    writable: true,
    _last: true,
    chunkedEncoding: false,
    shouldKeepAlive: false,
    useChunkedEncodingByDefault: false,
    sendDate: false,
    _removedConnection: false,
    _removedContLen: false,
    _removedTE: false,
    _contentLength: 0,
    _hasBody: true,
    _trailer: '',
    finished: true,
    _headerSent: true,
    socket: Socket {
      connecting: false,
      _hadError: false,
      _parent: null,
      _host: 'localhost',
      _readableState: [ReadableState],
      readable: true,
      _events: [Object: null prototype],
      _eventsCount: 7,
      _maxListeners: undefined,
      _writableState: [WritableState],
      writable: false,
      allowHalfOpen: false,
      _sockname: null,
      _pendingData: null,
      _pendingEncoding: '',
      server: null,
      _server: null,
      parser: null,
      _httpMessage: [Circular],
      [Symbol(asyncId)]: 55,
      [Symbol(kHandle)]: [TCP],
      [Symbol(kSetNoDelay)]: false,
      [Symbol(lastWriteQueueSize)]: 0,
      [Symbol(timeout)]: null,
      [Symbol(kBuffer)]: null,
      [Symbol(kBufferCb)]: null,
      [Symbol(kBufferGen)]: null,
      [Symbol(kCapture)]: false,
      [Symbol(kBytesRead)]: 0,
      [Symbol(kBytesWritten)]: 0
    },
    connection: Socket {
      connecting: false,
      _hadError: false,
      _parent: null,
      _host: 'localhost',
      _readableState: [ReadableState],
      readable: true,
      _events: [Object: null prototype],
      _eventsCount: 7,
      _maxListeners: undefined,
      _writableState: [WritableState],
      writable: false,
      allowHalfOpen: false,
      _sockname: null,
      _pendingData: null,
      _pendingEncoding: '',
      server: null,
      _server: null,
      parser: null,
      _httpMessage: [Circular],
      [Symbol(asyncId)]: 55,
      [Symbol(kHandle)]: [TCP],
      [Symbol(kSetNoDelay)]: false,
      [Symbol(lastWriteQueueSize)]: 0,
      [Symbol(timeout)]: null,
      [Symbol(kBuffer)]: null,
      [Symbol(kBufferCb)]: null,
      [Symbol(kBufferGen)]: null,
      [Symbol(kCapture)]: false,
      [Symbol(kBytesRead)]: 0,
      [Symbol(kBytesWritten)]: 0
    },
    _header: 'GET /associates/batch/mock3.associate7de1467b-c37f-4f79-8805-af24dac9b735@mock.com HTTP/1.1\r\n' +
      'Accept: application/json, text/plain, */*\r\n' +
      'Content-Type: application/json\r\n' +
      'User-Agent: axios/0.19.2\r\n' +
      'Host: localhost:2006\r\n' +
      'Connection: close\r\n' +
      '\r\n',
    _onPendingData: [Function: noopPendingOutput],
    agent: Agent {
      _events: [Object: null prototype],
      _eventsCount: 2,
      _maxListeners: undefined,
      defaultPort: 80,
      protocol: 'http:',
      options: [Object],
      requests: {},
      sockets: [Object],
      freeSockets: {},
      keepAliveMsecs: 1000,
      keepAlive: false,
      maxSockets: Infinity,
      maxFreeSockets: 256,
      [Symbol(kCapture)]: false
    },
    socketPath: undefined,
    method: 'GET',
    insecureHTTPParser: undefined,
    path: '/associates/batch/mock3.associate7de1467b-c37f-4f79-8805-af24dac9b735@mock.com',
    _ended: true,
    res: IncomingMessage {
      _readableState: [ReadableState],
      readable: false,
      _events: [Object: null prototype],
      _eventsCount: 3,
      _maxListeners: undefined,
      socket: [Socket],
      connection: [Socket],
      httpVersionMajor: 1,
      httpVersionMinor: 1,
      httpVersion: '1.1',
      complete: true,
      headers: [Object],
      rawHeaders: [Array],
      trailers: {},
      rawTrailers: [],
      aborted: false,
      upgrade: false,
      url: '',
      method: null,
      statusCode: 404,
      statusMessage: 'Not Found',
      client: [Socket],
      _consuming: false,
      _dumped: false,
      req: [Circular],
      responseUrl: 'http://localhost:2006/associates/batch/mock3.associate7de1467b-c37f-4f79-8805-af24dac9b735@mock.com',
      redirects: [],
      [Symbol(kCapture)]: false
    },
    aborted: false,
    timeoutCb: null,
    upgradeOrConnect: false,
    parser: null,
    maxHeadersCount: null,
    reusedSocket: false,
    _redirectable: Writable {
      _writableState: [WritableState],
      writable: true,
      _events: [Object: null prototype],
      _eventsCount: 2,
      _maxListeners: undefined,
      _options: [Object],
      _redirectCount: 0,
      _redirects: [],
      _requestBodyLength: 0,
      _requestBodyBuffers: [],
      _onNativeResponse: [Function],
      _currentRequest: [Circular],
      _currentUrl: 'http://localhost:2006/associates/batch/mock3.associate7de1467b-c37f-4f79-8805-af24dac9b735@mock.com',
      [Symbol(kCapture)]: false
    },
    [Symbol(kCapture)]: false,
    [Symbol(kNeedDrain)]: false,
    [Symbol(corked)]: 0,
    [Symbol(kOutHeaders)]: [Object: null prototype] {
      accept: [Array],
      'content-type': [Array],
      'user-agent': [Array],
      host: [Array]
    }
  },
  response: {
    status: 404,
    statusText: 'Not Found',
    headers: {
      'x-powered-by': 'Express',
      'access-control-allow-origin': 'undefined',
      'access-control-allow-headers': 'Origin, Content-Type, Accept, Authorization',
      'access-control-expose-headers': 'Authorization',
      'access-control-allow-credentials': 'true',
      'access-control-allow-methods': 'GET, POST, PATCH, PUT, DELETE',
      'content-security-policy': "default-src 'none'",
      'x-content-type-options': 'nosniff',
      'content-type': 'text/html; charset=utf-8',
      'content-length': '216',
      date: 'Mon, 24 Aug 2020 01:20:11 GMT',
      connection: 'close'
    },
    config: {
      url: '/associates/batch/mock3.associate7de1467b-c37f-4f79-8805-af24dac9b735@mock.com',
      method: 'get',
      headers: [Object],
      baseURL: 'http://localhost:2006',
      transformRequest: [Array],
      transformResponse: [Array],
      timeout: 0,
      adapter: [Function: httpAdapter],
      xsrfCookieName: 'XSRF-TOKEN',
      xsrfHeaderName: 'X-XSRF-TOKEN',
      maxContentLength: -1,
      validateStatus: [Function: validateStatus],
      data: undefined
    },
    request: ClientRequest {
      _events: [Object: null prototype],
      _eventsCount: 6,
>>>>>>> 0cb8746f65ebec127ec2cacededa8a39e00c30eb
      _maxListeners: undefined,
      outputData: [],
      outputSize: 0,
      writable: true,
      _last: true,
      chunkedEncoding: false,
      shouldKeepAlive: false,
      useChunkedEncodingByDefault: false,
      sendDate: false,
      _removedConnection: false,
      _removedContLen: false,
      _removedTE: false,
      _contentLength: 0,
      _hasBody: true,
      _trailer: '',
      finished: true,
      _headerSent: true,
      socket: [Socket],
      connection: [Socket],
<<<<<<< HEAD
      _header: 'GET /associates/batch/mock15.associate4b5555f4-09e9-4fcd-80a3-2cf532781543@mock.com HTTP/1.1\r\n' +
        'Accept: application/json, text/plain, */*\r\n' +
        'Content-Type: application/json\r\n' +
        'User-Agent: axios/0.20.0\r\n' +
=======
      _header: 'GET /associates/batch/mock3.associate7de1467b-c37f-4f79-8805-af24dac9b735@mock.com HTTP/1.1\r\n' +
        'Accept: application/json, text/plain, */*\r\n' +
        'Content-Type: application/json\r\n' +
        'User-Agent: axios/0.19.2\r\n' +
>>>>>>> 0cb8746f65ebec127ec2cacededa8a39e00c30eb
        'Host: localhost:2006\r\n' +
        'Connection: close\r\n' +
        '\r\n',
      _onPendingData: [Function: noopPendingOutput],
      agent: [Agent],
      socketPath: undefined,
      method: 'GET',
      insecureHTTPParser: undefined,
<<<<<<< HEAD
      path: '/associates/batch/mock15.associate4b5555f4-09e9-4fcd-80a3-2cf532781543@mock.com',
      _ended: false,
      res: null,
=======
      path: '/associates/batch/mock3.associate7de1467b-c37f-4f79-8805-af24dac9b735@mock.com',
      _ended: true,
      res: [IncomingMessage],
>>>>>>> 0cb8746f65ebec127ec2cacededa8a39e00c30eb
      aborted: false,
      timeoutCb: null,
      upgradeOrConnect: false,
      parser: null,
      maxHeadersCount: null,
      reusedSocket: false,
<<<<<<< HEAD
      _redirectable: [Circular],
=======
      _redirectable: [Writable],
>>>>>>> 0cb8746f65ebec127ec2cacededa8a39e00c30eb
      [Symbol(kCapture)]: false,
      [Symbol(kNeedDrain)]: false,
      [Symbol(corked)]: 0,
      [Symbol(kOutHeaders)]: [Object: null prototype]
    },
<<<<<<< HEAD
    _currentUrl: 'http://localhost:2006/associates/batch/mock15.associate4b5555f4-09e9-4fcd-80a3-2cf532781543@mock.com',
    [Symbol(kCapture)]: false
  },
  response: undefined,
  isAxiosError: true,
  toJSON: [Function: toJSON]
}
[2020-08-24T10:50:40.504] [ERROR] error - Error: connect ECONNREFUSED 127.0.0.1:2006
    at TCPConnectWrap.afterConnect [as oncomplete] (net.js:1141:16) {
  errno: 'ECONNREFUSED',
  code: 'ECONNREFUSED',
  syscall: 'connect',
  address: '127.0.0.1',
  port: 2006,
  config: {
    url: '/associates/batch/mock15.associate4b5555f4-09e9-4fcd-80a3-2cf532781543@mock.com',
=======
    data: '<!DOCTYPE html>\n' +
      '<html lang="en">\n' +
      '<head>\n' +
      '<meta charset="utf-8">\n' +
      '<title>Error</title>\n' +
      '</head>\n' +
      '<body>\n' +
      '<pre>Cannot GET /associates/batch/mock3.associate7de1467b-c37f-4f79-8805-af24dac9b735@mock.com</pre>\n' +
      '</body>\n' +
      '</html>\n'
  },
  isAxiosError: true,
  toJSON: [Function]
}
[2020-08-23T21:22:59.327] [ERROR] error - Error: Request failed with status code 404
    at createError (C:\Users\chris\Documents\Revature\node_modules\axios\lib\core\createError.js:16:15)
    at settle (C:\Users\chris\Documents\Revature\node_modules\axios\lib\core\settle.js:17:12)
    at IncomingMessage.handleStreamEnd (C:\Users\chris\Documents\Revature\node_modules\axios\lib\adapters\http.js:236:11)
    at IncomingMessage.emit (events.js:327:22)
    at IncomingMessage.EventEmitter.emit (domain.js:482:12)
    at endReadableNT (_stream_readable.js:1221:12)
    at processTicksAndRejections (internal/process/task_queues.js:84:21) {
  config: {
    url: '/associates/batch/mock3.associate7de1467b-c37f-4f79-8805-af24dac9b735@mock.com',
>>>>>>> 0cb8746f65ebec127ec2cacededa8a39e00c30eb
    method: 'get',
    headers: {
      Accept: 'application/json, text/plain, */*',
      'Content-Type': 'application/json',
<<<<<<< HEAD
      'User-Agent': 'axios/0.20.0'
=======
      'User-Agent': 'axios/0.19.2'
>>>>>>> 0cb8746f65ebec127ec2cacededa8a39e00c30eb
    },
    baseURL: 'http://localhost:2006',
    transformRequest: [ [Function: transformRequest] ],
    transformResponse: [ [Function: transformResponse] ],
    timeout: 0,
    adapter: [Function: httpAdapter],
    xsrfCookieName: 'XSRF-TOKEN',
    xsrfHeaderName: 'X-XSRF-TOKEN',
    maxContentLength: -1,
<<<<<<< HEAD
    maxBodyLength: -1,
    validateStatus: [Function: validateStatus],
    data: undefined
  },
  request: Writable {
    _writableState: WritableState {
      objectMode: false,
      highWaterMark: 16384,
      finalCalled: false,
      needDrain: false,
      ending: false,
      ended: false,
      finished: false,
      destroyed: false,
      decodeStrings: true,
      defaultEncoding: 'utf8',
      length: 0,
      writing: false,
      corked: 0,
      sync: true,
      bufferProcessing: false,
      onwrite: [Function: bound onwrite],
      writecb: null,
      writelen: 0,
      afterWriteTickInfo: null,
      bufferedRequest: null,
      lastBufferedRequest: null,
      pendingcb: 0,
      prefinished: false,
      errorEmitted: false,
      emitClose: true,
      autoDestroy: false,
      bufferedRequestCount: 0,
      corkedRequestsFree: [Object]
    },
    writable: true,
    _events: [Object: null prototype] {
      response: [Function: handleResponse],
      error: [Function: handleRequestError]
    },
    _eventsCount: 2,
    _maxListeners: undefined,
    _options: {
      maxRedirects: 21,
      maxBodyLength: 10485760,
      protocol: 'http:',
      path: '/associates/batch/mock15.associate4b5555f4-09e9-4fcd-80a3-2cf532781543@mock.com',
      method: 'GET',
      headers: [Object],
      agent: undefined,
      agents: [Object],
      auth: undefined,
      hostname: 'localhost',
      port: '2006',
      nativeProtocols: [Object],
      pathname: '/associates/batch/mock15.associate4b5555f4-09e9-4fcd-80a3-2cf532781543@mock.com'
    },
    _ended: true,
    _ending: true,
    _redirectCount: 0,
    _redirects: [],
    _requestBodyLength: 0,
    _requestBodyBuffers: [],
    _onNativeResponse: [Function],
    _currentRequest: ClientRequest {
      _events: [Object: null prototype],
      _eventsCount: 7,
=======
    validateStatus: [Function: validateStatus],
    data: undefined
  },
  request: ClientRequest {
    _events: [Object: null prototype] {
      socket: [Function],
      abort: [Function],
      aborted: [Function],
      error: [Function],
      timeout: [Function],
      prefinish: [Function: requestOnPrefinish]
    },
    _eventsCount: 6,
    _maxListeners: undefined,
    outputData: [],
    outputSize: 0,
    writable: true,
    _last: true,
    chunkedEncoding: false,
    shouldKeepAlive: false,
    useChunkedEncodingByDefault: false,
    sendDate: false,
    _removedConnection: false,
    _removedContLen: false,
    _removedTE: false,
    _contentLength: 0,
    _hasBody: true,
    _trailer: '',
    finished: true,
    _headerSent: true,
    socket: Socket {
      connecting: false,
      _hadError: false,
      _parent: null,
      _host: 'localhost',
      _readableState: [ReadableState],
      readable: true,
      _events: [Object: null prototype],
      _eventsCount: 7,
      _maxListeners: undefined,
      _writableState: [WritableState],
      writable: false,
      allowHalfOpen: false,
      _sockname: null,
      _pendingData: null,
      _pendingEncoding: '',
      server: null,
      _server: null,
      parser: null,
      _httpMessage: [Circular],
      [Symbol(asyncId)]: 55,
      [Symbol(kHandle)]: [TCP],
      [Symbol(kSetNoDelay)]: false,
      [Symbol(lastWriteQueueSize)]: 0,
      [Symbol(timeout)]: null,
      [Symbol(kBuffer)]: null,
      [Symbol(kBufferCb)]: null,
      [Symbol(kBufferGen)]: null,
      [Symbol(kCapture)]: false,
      [Symbol(kBytesRead)]: 0,
      [Symbol(kBytesWritten)]: 0
    },
    connection: Socket {
      connecting: false,
      _hadError: false,
      _parent: null,
      _host: 'localhost',
      _readableState: [ReadableState],
      readable: true,
      _events: [Object: null prototype],
      _eventsCount: 7,
      _maxListeners: undefined,
      _writableState: [WritableState],
      writable: false,
      allowHalfOpen: false,
      _sockname: null,
      _pendingData: null,
      _pendingEncoding: '',
      server: null,
      _server: null,
      parser: null,
      _httpMessage: [Circular],
      [Symbol(asyncId)]: 55,
      [Symbol(kHandle)]: [TCP],
      [Symbol(kSetNoDelay)]: false,
      [Symbol(lastWriteQueueSize)]: 0,
      [Symbol(timeout)]: null,
      [Symbol(kBuffer)]: null,
      [Symbol(kBufferCb)]: null,
      [Symbol(kBufferGen)]: null,
      [Symbol(kCapture)]: false,
      [Symbol(kBytesRead)]: 0,
      [Symbol(kBytesWritten)]: 0
    },
    _header: 'GET /associates/batch/mock3.associate7de1467b-c37f-4f79-8805-af24dac9b735@mock.com HTTP/1.1\r\n' +
      'Accept: application/json, text/plain, */*\r\n' +
      'Content-Type: application/json\r\n' +
      'User-Agent: axios/0.19.2\r\n' +
      'Host: localhost:2006\r\n' +
      'Connection: close\r\n' +
      '\r\n',
    _onPendingData: [Function: noopPendingOutput],
    agent: Agent {
      _events: [Object: null prototype],
      _eventsCount: 2,
      _maxListeners: undefined,
      defaultPort: 80,
      protocol: 'http:',
      options: [Object],
      requests: {},
      sockets: [Object],
      freeSockets: {},
      keepAliveMsecs: 1000,
      keepAlive: false,
      maxSockets: Infinity,
      maxFreeSockets: 256,
      [Symbol(kCapture)]: false
    },
    socketPath: undefined,
    method: 'GET',
    insecureHTTPParser: undefined,
    path: '/associates/batch/mock3.associate7de1467b-c37f-4f79-8805-af24dac9b735@mock.com',
    _ended: true,
    res: IncomingMessage {
      _readableState: [ReadableState],
      readable: false,
      _events: [Object: null prototype],
      _eventsCount: 3,
      _maxListeners: undefined,
      socket: [Socket],
      connection: [Socket],
      httpVersionMajor: 1,
      httpVersionMinor: 1,
      httpVersion: '1.1',
      complete: true,
      headers: [Object],
      rawHeaders: [Array],
      trailers: {},
      rawTrailers: [],
      aborted: false,
      upgrade: false,
      url: '',
      method: null,
      statusCode: 404,
      statusMessage: 'Not Found',
      client: [Socket],
      _consuming: false,
      _dumped: false,
      req: [Circular],
      responseUrl: 'http://localhost:2006/associates/batch/mock3.associate7de1467b-c37f-4f79-8805-af24dac9b735@mock.com',
      redirects: [],
      [Symbol(kCapture)]: false
    },
    aborted: false,
    timeoutCb: null,
    upgradeOrConnect: false,
    parser: null,
    maxHeadersCount: null,
    reusedSocket: false,
    _redirectable: Writable {
      _writableState: [WritableState],
      writable: true,
      _events: [Object: null prototype],
      _eventsCount: 2,
      _maxListeners: undefined,
      _options: [Object],
      _redirectCount: 0,
      _redirects: [],
      _requestBodyLength: 0,
      _requestBodyBuffers: [],
      _onNativeResponse: [Function],
      _currentRequest: [Circular],
      _currentUrl: 'http://localhost:2006/associates/batch/mock3.associate7de1467b-c37f-4f79-8805-af24dac9b735@mock.com',
      [Symbol(kCapture)]: false
    },
    [Symbol(kCapture)]: false,
    [Symbol(kNeedDrain)]: false,
    [Symbol(corked)]: 0,
    [Symbol(kOutHeaders)]: [Object: null prototype] {
      accept: [Array],
      'content-type': [Array],
      'user-agent': [Array],
      host: [Array]
    }
  },
  response: {
    status: 404,
    statusText: 'Not Found',
    headers: {
      'x-powered-by': 'Express',
      'access-control-allow-origin': 'undefined',
      'access-control-allow-headers': 'Origin, Content-Type, Accept, Authorization',
      'access-control-expose-headers': 'Authorization',
      'access-control-allow-credentials': 'true',
      'access-control-allow-methods': 'GET, POST, PATCH, PUT, DELETE',
      'content-security-policy': "default-src 'none'",
      'x-content-type-options': 'nosniff',
      'content-type': 'text/html; charset=utf-8',
      'content-length': '216',
      date: 'Mon, 24 Aug 2020 01:22:58 GMT',
      connection: 'close'
    },
    config: {
      url: '/associates/batch/mock3.associate7de1467b-c37f-4f79-8805-af24dac9b735@mock.com',
      method: 'get',
      headers: [Object],
      baseURL: 'http://localhost:2006',
      transformRequest: [Array],
      transformResponse: [Array],
      timeout: 0,
      adapter: [Function: httpAdapter],
      xsrfCookieName: 'XSRF-TOKEN',
      xsrfHeaderName: 'X-XSRF-TOKEN',
      maxContentLength: -1,
      validateStatus: [Function: validateStatus],
      data: undefined
    },
    request: ClientRequest {
      _events: [Object: null prototype],
      _eventsCount: 6,
      _maxListeners: undefined,
      outputData: [],
      outputSize: 0,
      writable: true,
      _last: true,
      chunkedEncoding: false,
      shouldKeepAlive: false,
      useChunkedEncodingByDefault: false,
      sendDate: false,
      _removedConnection: false,
      _removedContLen: false,
      _removedTE: false,
      _contentLength: 0,
      _hasBody: true,
      _trailer: '',
      finished: true,
      _headerSent: true,
      socket: [Socket],
      connection: [Socket],
      _header: 'GET /associates/batch/mock3.associate7de1467b-c37f-4f79-8805-af24dac9b735@mock.com HTTP/1.1\r\n' +
        'Accept: application/json, text/plain, */*\r\n' +
        'Content-Type: application/json\r\n' +
        'User-Agent: axios/0.19.2\r\n' +
        'Host: localhost:2006\r\n' +
        'Connection: close\r\n' +
        '\r\n',
      _onPendingData: [Function: noopPendingOutput],
      agent: [Agent],
      socketPath: undefined,
      method: 'GET',
      insecureHTTPParser: undefined,
      path: '/associates/batch/mock3.associate7de1467b-c37f-4f79-8805-af24dac9b735@mock.com',
      _ended: true,
      res: [IncomingMessage],
      aborted: false,
      timeoutCb: null,
      upgradeOrConnect: false,
      parser: null,
      maxHeadersCount: null,
      reusedSocket: false,
      _redirectable: [Writable],
      [Symbol(kCapture)]: false,
      [Symbol(kNeedDrain)]: false,
      [Symbol(corked)]: 0,
      [Symbol(kOutHeaders)]: [Object: null prototype]
    },
    data: '<!DOCTYPE html>\n' +
      '<html lang="en">\n' +
      '<head>\n' +
      '<meta charset="utf-8">\n' +
      '<title>Error</title>\n' +
      '</head>\n' +
      '<body>\n' +
      '<pre>Cannot GET /associates/batch/mock3.associate7de1467b-c37f-4f79-8805-af24dac9b735@mock.com</pre>\n' +
      '</body>\n' +
      '</html>\n'
  },
  isAxiosError: true,
  toJSON: [Function]
}
[2020-08-24T10:33:04.847] [ERROR] error - Error: Request failed with status code 404
    at createError (C:\Users\chris\Documents\Revature\node_modules\axios\lib\core\createError.js:16:15)
    at settle (C:\Users\chris\Documents\Revature\node_modules\axios\lib\core\settle.js:17:12)
    at IncomingMessage.handleStreamEnd (C:\Users\chris\Documents\Revature\node_modules\axios\lib\adapters\http.js:236:11)
    at IncomingMessage.emit (events.js:327:22)
    at IncomingMessage.EventEmitter.emit (domain.js:482:12)
    at endReadableNT (_stream_readable.js:1221:12)
    at processTicksAndRejections (internal/process/task_queues.js:84:21) {
  config: {
    url: '/associates/batch/mock3.associate7de1467b-c37f-4f79-8805-af24dac9b735@mock.com',
    method: 'get',
    headers: {
      Accept: 'application/json, text/plain, */*',
      'Content-Type': 'application/json',
      'User-Agent': 'axios/0.19.2'
    },
    baseURL: 'http://localhost:2006',
    transformRequest: [ [Function: transformRequest] ],
    transformResponse: [ [Function: transformResponse] ],
    timeout: 0,
    adapter: [Function: httpAdapter],
    xsrfCookieName: 'XSRF-TOKEN',
    xsrfHeaderName: 'X-XSRF-TOKEN',
    maxContentLength: -1,
    validateStatus: [Function: validateStatus],
    data: undefined
  },
  request: ClientRequest {
    _events: [Object: null prototype] {
      socket: [Function],
      abort: [Function],
      aborted: [Function],
      error: [Function],
      timeout: [Function],
      prefinish: [Function: requestOnPrefinish]
    },
    _eventsCount: 6,
    _maxListeners: undefined,
    outputData: [],
    outputSize: 0,
    writable: true,
    _last: true,
    chunkedEncoding: false,
    shouldKeepAlive: false,
    useChunkedEncodingByDefault: false,
    sendDate: false,
    _removedConnection: false,
    _removedContLen: false,
    _removedTE: false,
    _contentLength: 0,
    _hasBody: true,
    _trailer: '',
    finished: true,
    _headerSent: true,
    socket: Socket {
      connecting: false,
      _hadError: false,
      _parent: null,
      _host: 'localhost',
      _readableState: [ReadableState],
      readable: true,
      _events: [Object: null prototype],
      _eventsCount: 7,
      _maxListeners: undefined,
      _writableState: [WritableState],
      writable: false,
      allowHalfOpen: false,
      _sockname: null,
      _pendingData: null,
      _pendingEncoding: '',
      server: null,
      _server: null,
      parser: null,
      _httpMessage: [Circular],
      [Symbol(asyncId)]: 55,
      [Symbol(kHandle)]: [TCP],
      [Symbol(kSetNoDelay)]: false,
      [Symbol(lastWriteQueueSize)]: 0,
      [Symbol(timeout)]: null,
      [Symbol(kBuffer)]: null,
      [Symbol(kBufferCb)]: null,
      [Symbol(kBufferGen)]: null,
      [Symbol(kCapture)]: false,
      [Symbol(kBytesRead)]: 0,
      [Symbol(kBytesWritten)]: 0
    },
    connection: Socket {
      connecting: false,
      _hadError: false,
      _parent: null,
      _host: 'localhost',
      _readableState: [ReadableState],
      readable: true,
      _events: [Object: null prototype],
      _eventsCount: 7,
      _maxListeners: undefined,
      _writableState: [WritableState],
      writable: false,
      allowHalfOpen: false,
      _sockname: null,
      _pendingData: null,
      _pendingEncoding: '',
      server: null,
      _server: null,
      parser: null,
      _httpMessage: [Circular],
      [Symbol(asyncId)]: 55,
      [Symbol(kHandle)]: [TCP],
      [Symbol(kSetNoDelay)]: false,
      [Symbol(lastWriteQueueSize)]: 0,
      [Symbol(timeout)]: null,
      [Symbol(kBuffer)]: null,
      [Symbol(kBufferCb)]: null,
      [Symbol(kBufferGen)]: null,
      [Symbol(kCapture)]: false,
      [Symbol(kBytesRead)]: 0,
      [Symbol(kBytesWritten)]: 0
    },
    _header: 'GET /associates/batch/mock3.associate7de1467b-c37f-4f79-8805-af24dac9b735@mock.com HTTP/1.1\r\n' +
      'Accept: application/json, text/plain, */*\r\n' +
      'Content-Type: application/json\r\n' +
      'User-Agent: axios/0.19.2\r\n' +
      'Host: localhost:2006\r\n' +
      'Connection: close\r\n' +
      '\r\n',
    _onPendingData: [Function: noopPendingOutput],
    agent: Agent {
      _events: [Object: null prototype],
      _eventsCount: 2,
      _maxListeners: undefined,
      defaultPort: 80,
      protocol: 'http:',
      options: [Object],
      requests: {},
      sockets: [Object],
      freeSockets: {},
      keepAliveMsecs: 1000,
      keepAlive: false,
      maxSockets: Infinity,
      maxFreeSockets: 256,
      [Symbol(kCapture)]: false
    },
    socketPath: undefined,
    method: 'GET',
    insecureHTTPParser: undefined,
    path: '/associates/batch/mock3.associate7de1467b-c37f-4f79-8805-af24dac9b735@mock.com',
    _ended: true,
    res: IncomingMessage {
      _readableState: [ReadableState],
      readable: false,
      _events: [Object: null prototype],
      _eventsCount: 3,
      _maxListeners: undefined,
      socket: [Socket],
      connection: [Socket],
      httpVersionMajor: 1,
      httpVersionMinor: 1,
      httpVersion: '1.1',
      complete: true,
      headers: [Object],
      rawHeaders: [Array],
      trailers: {},
      rawTrailers: [],
      aborted: false,
      upgrade: false,
      url: '',
      method: null,
      statusCode: 404,
      statusMessage: 'Not Found',
      client: [Socket],
      _consuming: false,
      _dumped: false,
      req: [Circular],
      responseUrl: 'http://localhost:2006/associates/batch/mock3.associate7de1467b-c37f-4f79-8805-af24dac9b735@mock.com',
      redirects: [],
      [Symbol(kCapture)]: false
    },
    aborted: false,
    timeoutCb: null,
    upgradeOrConnect: false,
    parser: null,
    maxHeadersCount: null,
    reusedSocket: false,
    _redirectable: Writable {
      _writableState: [WritableState],
      writable: true,
      _events: [Object: null prototype],
      _eventsCount: 2,
      _maxListeners: undefined,
      _options: [Object],
      _redirectCount: 0,
      _redirects: [],
      _requestBodyLength: 0,
      _requestBodyBuffers: [],
      _onNativeResponse: [Function],
      _currentRequest: [Circular],
      _currentUrl: 'http://localhost:2006/associates/batch/mock3.associate7de1467b-c37f-4f79-8805-af24dac9b735@mock.com',
      [Symbol(kCapture)]: false
    },
    [Symbol(kCapture)]: false,
    [Symbol(kNeedDrain)]: false,
    [Symbol(corked)]: 0,
    [Symbol(kOutHeaders)]: [Object: null prototype] {
      accept: [Array],
      'content-type': [Array],
      'user-agent': [Array],
      host: [Array]
    }
  },
  response: {
    status: 404,
    statusText: 'Not Found',
    headers: {
      'x-powered-by': 'Express',
      'access-control-allow-origin': 'undefined',
      'access-control-allow-headers': 'Origin, Content-Type, Accept, Authorization',
      'access-control-expose-headers': 'Authorization',
      'access-control-allow-credentials': 'true',
      'access-control-allow-methods': 'GET, POST, PATCH, PUT, DELETE',
      'content-security-policy': "default-src 'none'",
      'x-content-type-options': 'nosniff',
      'content-type': 'text/html; charset=utf-8',
      'content-length': '216',
      date: 'Mon, 24 Aug 2020 14:33:04 GMT',
      connection: 'close'
    },
    config: {
      url: '/associates/batch/mock3.associate7de1467b-c37f-4f79-8805-af24dac9b735@mock.com',
      method: 'get',
      headers: [Object],
      baseURL: 'http://localhost:2006',
      transformRequest: [Array],
      transformResponse: [Array],
      timeout: 0,
      adapter: [Function: httpAdapter],
      xsrfCookieName: 'XSRF-TOKEN',
      xsrfHeaderName: 'X-XSRF-TOKEN',
      maxContentLength: -1,
      validateStatus: [Function: validateStatus],
      data: undefined
    },
    request: ClientRequest {
      _events: [Object: null prototype],
      _eventsCount: 6,
>>>>>>> 0cb8746f65ebec127ec2cacededa8a39e00c30eb
      _maxListeners: undefined,
      outputData: [],
      outputSize: 0,
      writable: true,
      _last: true,
      chunkedEncoding: false,
      shouldKeepAlive: false,
      useChunkedEncodingByDefault: false,
      sendDate: false,
      _removedConnection: false,
      _removedContLen: false,
      _removedTE: false,
      _contentLength: 0,
      _hasBody: true,
      _trailer: '',
      finished: true,
      _headerSent: true,
      socket: [Socket],
      connection: [Socket],
<<<<<<< HEAD
      _header: 'GET /associates/batch/mock15.associate4b5555f4-09e9-4fcd-80a3-2cf532781543@mock.com HTTP/1.1\r\n' +
        'Accept: application/json, text/plain, */*\r\n' +
        'Content-Type: application/json\r\n' +
        'User-Agent: axios/0.20.0\r\n' +
=======
      _header: 'GET /associates/batch/mock3.associate7de1467b-c37f-4f79-8805-af24dac9b735@mock.com HTTP/1.1\r\n' +
        'Accept: application/json, text/plain, */*\r\n' +
        'Content-Type: application/json\r\n' +
        'User-Agent: axios/0.19.2\r\n' +
>>>>>>> 0cb8746f65ebec127ec2cacededa8a39e00c30eb
        'Host: localhost:2006\r\n' +
        'Connection: close\r\n' +
        '\r\n',
      _onPendingData: [Function: noopPendingOutput],
      agent: [Agent],
      socketPath: undefined,
      method: 'GET',
      insecureHTTPParser: undefined,
<<<<<<< HEAD
      path: '/associates/batch/mock15.associate4b5555f4-09e9-4fcd-80a3-2cf532781543@mock.com',
      _ended: false,
      res: null,
=======
      path: '/associates/batch/mock3.associate7de1467b-c37f-4f79-8805-af24dac9b735@mock.com',
      _ended: true,
      res: [IncomingMessage],
>>>>>>> 0cb8746f65ebec127ec2cacededa8a39e00c30eb
      aborted: false,
      timeoutCb: null,
      upgradeOrConnect: false,
      parser: null,
      maxHeadersCount: null,
      reusedSocket: false,
<<<<<<< HEAD
      _redirectable: [Circular],
=======
      _redirectable: [Writable],
>>>>>>> 0cb8746f65ebec127ec2cacededa8a39e00c30eb
      [Symbol(kCapture)]: false,
      [Symbol(kNeedDrain)]: false,
      [Symbol(corked)]: 0,
      [Symbol(kOutHeaders)]: [Object: null prototype]
    },
<<<<<<< HEAD
    _currentUrl: 'http://localhost:2006/associates/batch/mock15.associate4b5555f4-09e9-4fcd-80a3-2cf532781543@mock.com',
    [Symbol(kCapture)]: false
  },
  response: undefined,
  isAxiosError: true,
  toJSON: [Function: toJSON]
}
[2020-08-24T10:55:17.403] [ERROR] error - Error: User profile not found
    at ProfileNotFoundError.HttpError [as constructor] (C:\Users\LiteraryGamerGirlT\Project-3-profileservice\src\errors\http-error.ts:4:9)
    at new ProfileNotFoundError (C:\Users\LiteraryGamerGirlT\Project-3-profileservice\src\errors\profile-not-found-error.ts:5:9)
    at Object.<anonymous> (C:\Users\LiteraryGamerGirlT\Project-3-profileservice\src\daos\SQL\profile-dao.ts:59:13)
    at step (C:\Users\LiteraryGamerGirlT\Project-3-profileservice\src\daos\SQL\profile-dao.ts:33:23)
    at Object.next (C:\Users\LiteraryGamerGirlT\Project-3-profileservice\src\daos\SQL\profile-dao.ts:14:53)
    at fulfilled (C:\Users\LiteraryGamerGirlT\Project-3-profileservice\src\daos\SQL\profile-dao.ts:5:58)
    at processTicksAndRejections (internal/process/task_queues.js:97:5) {
  statusCode: 404
}
[2020-08-24T10:55:27.881] [ERROR] error - Error: User profile not found
    at ProfileNotFoundError.HttpError [as constructor] (C:\Users\LiteraryGamerGirlT\Project-3-profileservice\src\errors\http-error.ts:4:9)
    at new ProfileNotFoundError (C:\Users\LiteraryGamerGirlT\Project-3-profileservice\src\errors\profile-not-found-error.ts:5:9)
    at Object.<anonymous> (C:\Users\LiteraryGamerGirlT\Project-3-profileservice\src\daos\SQL\profile-dao.ts:59:13)
    at step (C:\Users\LiteraryGamerGirlT\Project-3-profileservice\src\daos\SQL\profile-dao.ts:33:23)
    at Object.next (C:\Users\LiteraryGamerGirlT\Project-3-profileservice\src\daos\SQL\profile-dao.ts:14:53)
    at fulfilled (C:\Users\LiteraryGamerGirlT\Project-3-profileservice\src\daos\SQL\profile-dao.ts:5:58)
    at processTicksAndRejections (internal/process/task_queues.js:97:5) {
  statusCode: 404
}
=======
    data: '<!DOCTYPE html>\n' +
      '<html lang="en">\n' +
      '<head>\n' +
      '<meta charset="utf-8">\n' +
      '<title>Error</title>\n' +
      '</head>\n' +
      '<body>\n' +
      '<pre>Cannot GET /associates/batch/mock3.associate7de1467b-c37f-4f79-8805-af24dac9b735@mock.com</pre>\n' +
      '</body>\n' +
      '</html>\n'
  },
  isAxiosError: true,
  toJSON: [Function]
}
[2020-08-24T15:03:43.656] [ERROR] error - Error: This error can't be handled
    at Object.<anonymous> (C:\Users\chris\Documents\Revature\Project-3-profileservice\src\daos\SQL\profile-dao.ts:494:11)
    at step (C:\Users\chris\Documents\Revature\Project-3-profileservice\src\daos\SQL\profile-dao.ts:33:23)
    at Object.next (C:\Users\chris\Documents\Revature\Project-3-profileservice\src\daos\SQL\profile-dao.ts:14:53)
    at fulfilled (C:\Users\chris\Documents\Revature\Project-3-profileservice\src\daos\SQL\profile-dao.ts:5:58)
    at processTicksAndRejections (internal/process/task_queues.js:97:5)
[2020-08-24T15:03:43.824] [ERROR] error - Error: This error can't be handled
    at Object.<anonymous> (C:\Users\chris\Documents\Revature\Project-3-profileservice\src\daos\SQL\profile-dao.ts:494:11)
    at step (C:\Users\chris\Documents\Revature\Project-3-profileservice\src\daos\SQL\profile-dao.ts:33:23)
    at Object.next (C:\Users\chris\Documents\Revature\Project-3-profileservice\src\daos\SQL\profile-dao.ts:14:53)
    at fulfilled (C:\Users\chris\Documents\Revature\Project-3-profileservice\src\daos\SQL\profile-dao.ts:5:58)
    at processTicksAndRejections (internal/process/task_queues.js:97:5)
[2020-08-24T15:08:38.358] [ERROR] error - Error: This error can't be handled
    at Object.<anonymous> (C:\Users\chris\Documents\Revature\Project-3-profileservice\src\daos\SQL\profile-dao.ts:490:11)
    at step (C:\Users\chris\Documents\Revature\Project-3-profileservice\src\daos\SQL\profile-dao.ts:33:23)
    at Object.throw (C:\Users\chris\Documents\Revature\Project-3-profileservice\src\daos\SQL\profile-dao.ts:14:53)
    at rejected (C:\Users\chris\Documents\Revature\Project-3-profileservice\src\daos\SQL\profile-dao.ts:6:65)
    at processTicksAndRejections (internal/process/task_queues.js:97:5)
[2020-08-24T15:08:38.368] [ERROR] error - Error: This error can't be handled
    at Object.<anonymous> (C:\Users\chris\Documents\Revature\Project-3-profileservice\src\daos\SQL\profile-dao.ts:490:11)
    at step (C:\Users\chris\Documents\Revature\Project-3-profileservice\src\daos\SQL\profile-dao.ts:33:23)
    at Object.throw (C:\Users\chris\Documents\Revature\Project-3-profileservice\src\daos\SQL\profile-dao.ts:14:53)
    at rejected (C:\Users\chris\Documents\Revature\Project-3-profileservice\src\daos\SQL\profile-dao.ts:6:65)
    at processTicksAndRejections (internal/process/task_queues.js:97:5)
[2020-08-24T15:09:22.926] [ERROR] error - Error: This error can't be handled
    at Object.<anonymous> (C:\Users\chris\Documents\Revature\Project-3-profileservice\src\daos\SQL\profile-dao.ts:490:11)
    at step (C:\Users\chris\Documents\Revature\Project-3-profileservice\src\daos\SQL\profile-dao.ts:33:23)
    at Object.throw (C:\Users\chris\Documents\Revature\Project-3-profileservice\src\daos\SQL\profile-dao.ts:14:53)
    at rejected (C:\Users\chris\Documents\Revature\Project-3-profileservice\src\daos\SQL\profile-dao.ts:6:65)
    at processTicksAndRejections (internal/process/task_queues.js:97:5)
[2020-08-24T15:09:22.943] [ERROR] error - Error: This error can't be handled
    at Object.<anonymous> (C:\Users\chris\Documents\Revature\Project-3-profileservice\src\daos\SQL\profile-dao.ts:490:11)
    at step (C:\Users\chris\Documents\Revature\Project-3-profileservice\src\daos\SQL\profile-dao.ts:33:23)
    at Object.throw (C:\Users\chris\Documents\Revature\Project-3-profileservice\src\daos\SQL\profile-dao.ts:14:53)
    at rejected (C:\Users\chris\Documents\Revature\Project-3-profileservice\src\daos\SQL\profile-dao.ts:6:65)
    at processTicksAndRejections (internal/process/task_queues.js:97:5)
>>>>>>> 0cb8746f65ebec127ec2cacededa8a39e00c30eb
